[2023-05-20 10:50:00] laravel.EMERGENCY: Unable to create configured logger. Using emergency logger. {"exception":"[object] (InvalidArgumentException(code: 0): Log [] is not defined. at C:\\artisan\\riverr\\vendor\\laravel\\framework\\src\\Illuminate\\Log\\LogManager.php:210)
[stacktrace]
#0 C:\\artisan\\riverr\\vendor\\laravel\\framework\\src\\Illuminate\\Log\\LogManager.php(135): Illuminate\\Log\\LogManager->resolve(NULL, NULL)
#1 C:\\artisan\\riverr\\vendor\\laravel\\framework\\src\\Illuminate\\Log\\LogManager.php(122): Illuminate\\Log\\LogManager->get(NULL)
#2 C:\\artisan\\riverr\\vendor\\laravel\\framework\\src\\Illuminate\\Log\\LogManager.php(645): Illuminate\\Log\\LogManager->driver()
#3 C:\\artisan\\riverr\\vendor\\laravel\\framework\\src\\Illuminate\\Foundation\\Exceptions\\Handler.php(274): Illuminate\\Log\\LogManager->error('Illuminate\\\\Rout...', Array)
#4 C:\\artisan\\riverr\\vendor\\laravel\\framework\\src\\Illuminate\\Foundation\\Console\\Kernel.php(454): Illuminate\\Foundation\\Exceptions\\Handler->report(Object(TypeError))
#5 C:\\artisan\\riverr\\vendor\\laravel\\framework\\src\\Illuminate\\Foundation\\Console\\Kernel.php(157): Illuminate\\Foundation\\Console\\Kernel->reportException(Object(TypeError))
#6 C:\\artisan\\riverr\\artisan(37): Illuminate\\Foundation\\Console\\Kernel->handle(Object(Symfony\\Component\\Console\\Input\\ArgvInput), Object(Symfony\\Component\\Console\\Output\\ConsoleOutput))
#7 {main}
"} 
[2023-05-20 10:50:00] laravel.ERROR: Illuminate\Routing\UrlGenerator::__construct(): Argument #2 ($request) must be of type Illuminate\Http\Request, null given, called in C:\artisan\riverr\vendor\laravel\framework\src\Illuminate\Routing\RoutingServiceProvider.php on line 67 {"exception":"[object] (TypeError(code: 0): Illuminate\\Routing\\UrlGenerator::__construct(): Argument #2 ($request) must be of type Illuminate\\Http\\Request, null given, called in C:\\artisan\\riverr\\vendor\\laravel\\framework\\src\\Illuminate\\Routing\\RoutingServiceProvider.php on line 67 at C:\\artisan\\riverr\\vendor\\laravel\\framework\\src\\Illuminate\\Routing\\UrlGenerator.php:121)
[stacktrace]
#0 C:\\artisan\\riverr\\vendor\\laravel\\framework\\src\\Illuminate\\Routing\\RoutingServiceProvider.php(67): Illuminate\\Routing\\UrlGenerator->__construct(Object(Illuminate\\Routing\\RouteCollection), NULL, 'http://localhos...')
#1 C:\\artisan\\riverr\\vendor\\laravel\\framework\\src\\Illuminate\\Container\\Container.php(885): Illuminate\\Routing\\RoutingServiceProvider->Illuminate\\Routing\\{closure}(Object(Illuminate\\Foundation\\Application), Array)
#2 C:\\artisan\\riverr\\vendor\\laravel\\framework\\src\\Illuminate\\Container\\Container.php(770): Illuminate\\Container\\Container->build(Object(Closure))
#3 C:\\artisan\\riverr\\vendor\\laravel\\framework\\src\\Illuminate\\Foundation\\Application.php(856): Illuminate\\Container\\Container->resolve('url', Array, true)
#4 C:\\artisan\\riverr\\vendor\\laravel\\framework\\src\\Illuminate\\Container\\Container.php(706): Illuminate\\Foundation\\Application->resolve('url', Array)
#5 C:\\artisan\\riverr\\vendor\\laravel\\framework\\src\\Illuminate\\Foundation\\Application.php(841): Illuminate\\Container\\Container->make('url', Array)
#6 C:\\artisan\\riverr\\vendor\\laravel\\framework\\src\\Illuminate\\Foundation\\helpers.php(120): Illuminate\\Foundation\\Application->make('url', Array)
#7 C:\\artisan\\riverr\\vendor\\laravel\\framework\\src\\Illuminate\\Foundation\\helpers.php(992): app('Illuminate\\\\Cont...')
#8 C:\\artisan\\riverr\\config\\livewire.php(58): url('/')
#9 C:\\artisan\\riverr\\vendor\\laravel\\framework\\src\\Illuminate\\Foundation\\Bootstrap\\LoadConfiguration.php(70): require('C:\\\\artisan\\\\rive...')
#10 C:\\artisan\\riverr\\vendor\\laravel\\framework\\src\\Illuminate\\Foundation\\Bootstrap\\LoadConfiguration.php(39): Illuminate\\Foundation\\Bootstrap\\LoadConfiguration->loadConfigurationFiles(Object(Illuminate\\Foundation\\Application), Object(Illuminate\\Config\\Repository))
#11 C:\\artisan\\riverr\\vendor\\laravel\\framework\\src\\Illuminate\\Foundation\\Application.php(242): Illuminate\\Foundation\\Bootstrap\\LoadConfiguration->bootstrap(Object(Illuminate\\Foundation\\Application))
#12 C:\\artisan\\riverr\\vendor\\laravel\\framework\\src\\Illuminate\\Foundation\\Console\\Kernel.php(383): Illuminate\\Foundation\\Application->bootstrapWith(Array)
#13 C:\\artisan\\riverr\\vendor\\laravel\\framework\\src\\Illuminate\\Foundation\\Console\\Kernel.php(153): Illuminate\\Foundation\\Console\\Kernel->bootstrap()
#14 C:\\artisan\\riverr\\artisan(37): Illuminate\\Foundation\\Console\\Kernel->handle(Object(Symfony\\Component\\Console\\Input\\ArgvInput), Object(Symfony\\Component\\Console\\Output\\ConsoleOutput))
#15 {main}
"} 
[2023-05-20 11:05:27] laravel.EMERGENCY: Unable to create configured logger. Using emergency logger. {"exception":"[object] (InvalidArgumentException(code: 0): Log [] is not defined. at C:\\artisan\\riverr\\vendor\\laravel\\framework\\src\\Illuminate\\Log\\LogManager.php:210)
[stacktrace]
#0 C:\\artisan\\riverr\\vendor\\laravel\\framework\\src\\Illuminate\\Log\\LogManager.php(135): Illuminate\\Log\\LogManager->resolve(NULL, NULL)
#1 C:\\artisan\\riverr\\vendor\\laravel\\framework\\src\\Illuminate\\Log\\LogManager.php(122): Illuminate\\Log\\LogManager->get(NULL)
#2 C:\\artisan\\riverr\\vendor\\laravel\\framework\\src\\Illuminate\\Log\\LogManager.php(645): Illuminate\\Log\\LogManager->driver()
#3 C:\\artisan\\riverr\\vendor\\laravel\\framework\\src\\Illuminate\\Foundation\\Exceptions\\Handler.php(274): Illuminate\\Log\\LogManager->error('Illuminate\\\\Rout...', Array)
#4 C:\\artisan\\riverr\\vendor\\laravel\\framework\\src\\Illuminate\\Foundation\\Console\\Kernel.php(454): Illuminate\\Foundation\\Exceptions\\Handler->report(Object(TypeError))
#5 C:\\artisan\\riverr\\vendor\\laravel\\framework\\src\\Illuminate\\Foundation\\Console\\Kernel.php(157): Illuminate\\Foundation\\Console\\Kernel->reportException(Object(TypeError))
#6 C:\\artisan\\riverr\\artisan(37): Illuminate\\Foundation\\Console\\Kernel->handle(Object(Symfony\\Component\\Console\\Input\\ArgvInput), Object(Symfony\\Component\\Console\\Output\\ConsoleOutput))
#7 {main}
"} 
[2023-05-20 11:05:27] laravel.ERROR: Illuminate\Routing\UrlGenerator::__construct(): Argument #2 ($request) must be of type Illuminate\Http\Request, null given, called in C:\artisan\riverr\vendor\laravel\framework\src\Illuminate\Routing\RoutingServiceProvider.php on line 67 {"exception":"[object] (TypeError(code: 0): Illuminate\\Routing\\UrlGenerator::__construct(): Argument #2 ($request) must be of type Illuminate\\Http\\Request, null given, called in C:\\artisan\\riverr\\vendor\\laravel\\framework\\src\\Illuminate\\Routing\\RoutingServiceProvider.php on line 67 at C:\\artisan\\riverr\\vendor\\laravel\\framework\\src\\Illuminate\\Routing\\UrlGenerator.php:121)
[stacktrace]
#0 C:\\artisan\\riverr\\vendor\\laravel\\framework\\src\\Illuminate\\Routing\\RoutingServiceProvider.php(67): Illuminate\\Routing\\UrlGenerator->__construct(Object(Illuminate\\Routing\\RouteCollection), NULL, 'http://localhos...')
#1 C:\\artisan\\riverr\\vendor\\laravel\\framework\\src\\Illuminate\\Container\\Container.php(885): Illuminate\\Routing\\RoutingServiceProvider->Illuminate\\Routing\\{closure}(Object(Illuminate\\Foundation\\Application), Array)
#2 C:\\artisan\\riverr\\vendor\\laravel\\framework\\src\\Illuminate\\Container\\Container.php(770): Illuminate\\Container\\Container->build(Object(Closure))
#3 C:\\artisan\\riverr\\vendor\\laravel\\framework\\src\\Illuminate\\Foundation\\Application.php(856): Illuminate\\Container\\Container->resolve('url', Array, true)
#4 C:\\artisan\\riverr\\vendor\\laravel\\framework\\src\\Illuminate\\Container\\Container.php(706): Illuminate\\Foundation\\Application->resolve('url', Array)
#5 C:\\artisan\\riverr\\vendor\\laravel\\framework\\src\\Illuminate\\Foundation\\Application.php(841): Illuminate\\Container\\Container->make('url', Array)
#6 C:\\artisan\\riverr\\vendor\\laravel\\framework\\src\\Illuminate\\Foundation\\helpers.php(120): Illuminate\\Foundation\\Application->make('url', Array)
#7 C:\\artisan\\riverr\\vendor\\laravel\\framework\\src\\Illuminate\\Foundation\\helpers.php(992): app('Illuminate\\\\Cont...')
#8 C:\\artisan\\riverr\\config\\livewire.php(58): url('/')
#9 C:\\artisan\\riverr\\vendor\\laravel\\framework\\src\\Illuminate\\Foundation\\Bootstrap\\LoadConfiguration.php(70): require('C:\\\\artisan\\\\rive...')
#10 C:\\artisan\\riverr\\vendor\\laravel\\framework\\src\\Illuminate\\Foundation\\Bootstrap\\LoadConfiguration.php(39): Illuminate\\Foundation\\Bootstrap\\LoadConfiguration->loadConfigurationFiles(Object(Illuminate\\Foundation\\Application), Object(Illuminate\\Config\\Repository))
#11 C:\\artisan\\riverr\\vendor\\laravel\\framework\\src\\Illuminate\\Foundation\\Application.php(242): Illuminate\\Foundation\\Bootstrap\\LoadConfiguration->bootstrap(Object(Illuminate\\Foundation\\Application))
#12 C:\\artisan\\riverr\\vendor\\laravel\\framework\\src\\Illuminate\\Foundation\\Console\\Kernel.php(383): Illuminate\\Foundation\\Application->bootstrapWith(Array)
#13 C:\\artisan\\riverr\\vendor\\laravel\\framework\\src\\Illuminate\\Foundation\\Console\\Kernel.php(153): Illuminate\\Foundation\\Console\\Kernel->bootstrap()
#14 C:\\artisan\\riverr\\artisan(37): Illuminate\\Foundation\\Console\\Kernel->handle(Object(Symfony\\Component\\Console\\Input\\ArgvInput), Object(Symfony\\Component\\Console\\Output\\ConsoleOutput))
#15 {main}
"} 
[2023-05-20 11:18:12] laravel.EMERGENCY: Unable to create configured logger. Using emergency logger. {"exception":"[object] (InvalidArgumentException(code: 0): Log [] is not defined. at C:\\artisan\\riverr\\vendor\\laravel\\framework\\src\\Illuminate\\Log\\LogManager.php:210)
[stacktrace]
#0 C:\\artisan\\riverr\\vendor\\laravel\\framework\\src\\Illuminate\\Log\\LogManager.php(135): Illuminate\\Log\\LogManager->resolve(NULL, NULL)
#1 C:\\artisan\\riverr\\vendor\\laravel\\framework\\src\\Illuminate\\Log\\LogManager.php(122): Illuminate\\Log\\LogManager->get(NULL)
#2 C:\\artisan\\riverr\\vendor\\laravel\\framework\\src\\Illuminate\\Log\\LogManager.php(645): Illuminate\\Log\\LogManager->driver()
#3 C:\\artisan\\riverr\\vendor\\laravel\\framework\\src\\Illuminate\\Foundation\\Exceptions\\Handler.php(274): Illuminate\\Log\\LogManager->error('Illuminate\\\\Rout...', Array)
#4 C:\\artisan\\riverr\\vendor\\laravel\\framework\\src\\Illuminate\\Foundation\\Console\\Kernel.php(454): Illuminate\\Foundation\\Exceptions\\Handler->report(Object(TypeError))
#5 C:\\artisan\\riverr\\vendor\\laravel\\framework\\src\\Illuminate\\Foundation\\Console\\Kernel.php(157): Illuminate\\Foundation\\Console\\Kernel->reportException(Object(TypeError))
#6 C:\\artisan\\riverr\\artisan(37): Illuminate\\Foundation\\Console\\Kernel->handle(Object(Symfony\\Component\\Console\\Input\\ArgvInput), Object(Symfony\\Component\\Console\\Output\\ConsoleOutput))
#7 {main}
"} 
[2023-05-20 11:18:12] laravel.ERROR: Illuminate\Routing\UrlGenerator::__construct(): Argument #2 ($request) must be of type Illuminate\Http\Request, null given, called in C:\artisan\riverr\vendor\laravel\framework\src\Illuminate\Routing\RoutingServiceProvider.php on line 67 {"exception":"[object] (TypeError(code: 0): Illuminate\\Routing\\UrlGenerator::__construct(): Argument #2 ($request) must be of type Illuminate\\Http\\Request, null given, called in C:\\artisan\\riverr\\vendor\\laravel\\framework\\src\\Illuminate\\Routing\\RoutingServiceProvider.php on line 67 at C:\\artisan\\riverr\\vendor\\laravel\\framework\\src\\Illuminate\\Routing\\UrlGenerator.php:121)
[stacktrace]
#0 C:\\artisan\\riverr\\vendor\\laravel\\framework\\src\\Illuminate\\Routing\\RoutingServiceProvider.php(67): Illuminate\\Routing\\UrlGenerator->__construct(Object(Illuminate\\Routing\\RouteCollection), NULL, 'http://localhos...')
#1 C:\\artisan\\riverr\\vendor\\laravel\\framework\\src\\Illuminate\\Container\\Container.php(885): Illuminate\\Routing\\RoutingServiceProvider->Illuminate\\Routing\\{closure}(Object(Illuminate\\Foundation\\Application), Array)
#2 C:\\artisan\\riverr\\vendor\\laravel\\framework\\src\\Illuminate\\Container\\Container.php(770): Illuminate\\Container\\Container->build(Object(Closure))
#3 C:\\artisan\\riverr\\vendor\\laravel\\framework\\src\\Illuminate\\Foundation\\Application.php(856): Illuminate\\Container\\Container->resolve('url', Array, true)
#4 C:\\artisan\\riverr\\vendor\\laravel\\framework\\src\\Illuminate\\Container\\Container.php(706): Illuminate\\Foundation\\Application->resolve('url', Array)
#5 C:\\artisan\\riverr\\vendor\\laravel\\framework\\src\\Illuminate\\Foundation\\Application.php(841): Illuminate\\Container\\Container->make('url', Array)
#6 C:\\artisan\\riverr\\vendor\\laravel\\framework\\src\\Illuminate\\Foundation\\helpers.php(120): Illuminate\\Foundation\\Application->make('url', Array)
#7 C:\\artisan\\riverr\\vendor\\laravel\\framework\\src\\Illuminate\\Foundation\\helpers.php(992): app('Illuminate\\\\Cont...')
#8 C:\\artisan\\riverr\\config\\livewire.php(58): url('/')
#9 C:\\artisan\\riverr\\vendor\\laravel\\framework\\src\\Illuminate\\Foundation\\Bootstrap\\LoadConfiguration.php(70): require('C:\\\\artisan\\\\rive...')
#10 C:\\artisan\\riverr\\vendor\\laravel\\framework\\src\\Illuminate\\Foundation\\Bootstrap\\LoadConfiguration.php(39): Illuminate\\Foundation\\Bootstrap\\LoadConfiguration->loadConfigurationFiles(Object(Illuminate\\Foundation\\Application), Object(Illuminate\\Config\\Repository))
#11 C:\\artisan\\riverr\\vendor\\laravel\\framework\\src\\Illuminate\\Foundation\\Application.php(242): Illuminate\\Foundation\\Bootstrap\\LoadConfiguration->bootstrap(Object(Illuminate\\Foundation\\Application))
#12 C:\\artisan\\riverr\\vendor\\laravel\\framework\\src\\Illuminate\\Foundation\\Console\\Kernel.php(383): Illuminate\\Foundation\\Application->bootstrapWith(Array)
#13 C:\\artisan\\riverr\\vendor\\laravel\\framework\\src\\Illuminate\\Foundation\\Console\\Kernel.php(153): Illuminate\\Foundation\\Console\\Kernel->bootstrap()
#14 C:\\artisan\\riverr\\artisan(37): Illuminate\\Foundation\\Console\\Kernel->handle(Object(Symfony\\Component\\Console\\Input\\ArgvInput), Object(Symfony\\Component\\Console\\Output\\ConsoleOutput))
#15 {main}
"} 
